<?xml version="1.0" encoding="UTF-8"?>
<!-- Generated by org.testng.reporters.JUnitReportReporter -->
<testsuite hostname="DESKTOP-37VS7P5" name="com.test.TestNgBasics" tests="3" failures="0" timestamp="4 Jan 2021 06:46:44 GMT" time="0.001" errors="0">
  <testcase name="searchTest" time="0.001" classname="com.test.TestNgBasics"/>
  <testcase name="googletitle" time="0.000" classname="com.test.TestNgBasics"/>
  <testcase name="googlelogoTest" time="0.000" classname="com.test.TestNgBasics"/>
</testsuite> <!-- com.test.TestNgBasics -->
