<?xml version="1.0" encoding="UTF-8"?>
<!-- Generated by org.testng.reporters.JUnitReportReporter -->
<testsuite hostname="DESKTOP-37VS7P5" name="com.test.GoogleTest" tests="6" failures="0" timestamp="16 Jan 2021 20:44:33 GMT" time="54.793" errors="0">
  <testcase name="googleLogoTest" time="7.749" classname="com.test.GoogleTest"/>
  <testcase name="test2" time="7.515" classname="com.test.GoogleTest"/>
  <testcase name="Googletitle" time="7.857" classname="com.test.GoogleTest"/>
  <testcase name="GmailLinkTest" time="17.236" classname="com.test.GoogleTest"/>
  <testcase name="test1" time="7.212" classname="com.test.GoogleTest"/>
  <testcase name="test3" time="7.224" classname="com.test.GoogleTest"/>
</testsuite> <!-- com.test.GoogleTest -->
