<?xml version="1.0" encoding="UTF-8"?>
<!-- Generated by org.testng.reporters.JUnitReportReporter -->
<testsuite hostname="DESKTOP-37VS7P5" name="com.test.TestNgFeatures" tests="4" failures="0" timestamp="4 Jan 2021 06:46:44 GMT" time="0.015" errors="0">
  <testcase name="SearchPageTest" time="0.005" classname="com.test.TestNgFeatures"/>
  <testcase name="HomePageTest" time="0.005" classname="com.test.TestNgFeatures"/>
  <testcase name="loginTest" time="0.005" classname="com.test.TestNgFeatures"/>
  <testcase name="RegPageTest" time="0.000" classname="com.test.TestNgFeatures"/>
</testsuite> <!-- com.test.TestNgFeatures -->
