<?xml version="1.0" encoding="UTF-8"?>
<!-- Generated by org.testng.reporters.JUnitReportReporter -->
<testsuite hostname="DESKTOP-37VS7P5" name="testcase.Home" tests="2" failures="0" timestamp="24 Apr 2021 15:08:59 GMT" time="0.004" errors="0">
  <testcase name="mobileloginhomeloan" time="0.001" classname="testcase.Home"/>
  <testcase name="webloginhomeloan" time="0.003" classname="testcase.Home"/>
</testsuite> <!-- testcase.Home -->
