<?xml version="1.0" encoding="UTF-8"?>
<!-- Generated by org.testng.reporters.JUnitReportReporter -->
<testsuite skipped="0" hostname="DESKTOP-37VS7P5" name="com.salesforce.crm.Crm" tests="11" failures="0" timestamp="11 Oct 2020 18:45:40 GMT" time="0.029" errors="0">
  <testcase name="Invoice" time="0.008" classname="com.salesforce.crm.Crm"/>
  <testcase name="NewContact" time="0.002" classname="com.salesforce.crm.Crm"/>
  <testcase name="PotentialLead" time="0.002" classname="com.salesforce.crm.Crm"/>
  <testcase name="NewAccount" time="0.001" classname="com.salesforce.crm.Crm"/>
  <testcase name="NewPriceBook" time="0.002" classname="com.salesforce.crm.Crm"/>
  <testcase name="newCompaign" time="0.001" classname="com.salesforce.crm.Crm"/>
  <testcase name="SalesOrder" time="0.002" classname="com.salesforce.crm.Crm"/>
  <testcase name="PurchaseOrder" time="0.001" classname="com.salesforce.crm.Crm"/>
  <testcase name="NewLead" time="0.005" classname="com.salesforce.crm.Crm"/>
  <testcase name="NewProduct" time="0.003" classname="com.salesforce.crm.Crm"/>
  <testcase name="NewQuatation" time="0.002" classname="com.salesforce.crm.Crm"/>
</testsuite> <!-- com.salesforce.crm.Crm -->
