<?xml version="1.0" encoding="UTF-8"?>
<!-- Generated by org.testng.reporters.JUnitReportReporter -->
<testsuite hostname="DESKTOP-37VS7P5" name="testcase.testcase2" tests="1" failures="0" timestamp="24 Apr 2021 11:53:00 GMT" time="0.001" errors="0">
  <testcase name="personalloan" time="0.001" classname="testcase.testcase2"/>
</testsuite> <!-- testcase.testcase2 -->
