<?xml version="1.0" encoding="UTF-8"?>
<!-- Generated by org.testng.reporters.JUnitReportReporter -->
<testsuite hostname="DESKTOP-37VS7P5" name="com.test.GoogleTitleTest" tests="2" failures="0" timestamp="4 Jan 2021 06:46:44 GMT" time="14.837" errors="0">
  <testcase name="LogoTest" time="7.130" classname="com.test.GoogleTitleTest"/>
  <testcase name="googleTitleTest" time="7.707" classname="com.test.GoogleTitleTest"/>
</testsuite> <!-- com.test.GoogleTitleTest -->
