<?xml version="1.0" encoding="UTF-8"?>
<!-- Generated by org.testng.reporters.JUnitReportReporter -->
<testsuite hostname="DESKTOP-37VS7P5" name="testcase.Demo" tests="2" failures="0" timestamp="15 Apr 2021 09:31:41 GMT" time="0.001" errors="0">
  <testcase name="TestB" time="0.001" classname="testcase.Demo"/>
  <testcase name="testA" time="0.000" classname="testcase.Demo"/>
</testsuite> <!-- testcase.Demo -->
