<?xml version="1.0" encoding="UTF-8"?>
<!-- Generated by org.testng.reporters.JUnitReportReporter -->
<testsuite hostname="DESKTOP-37VS7P5" name="testcase.testcases3" tests="8" failures="0" timestamp="24 Apr 2021 15:08:59 GMT" time="0.017" errors="0">
  <testcase name="logformozilla" time="0.005" classname="testcase.testcases3"/>
  <testcase name="windowlogincarloan" time="0.000" classname="testcase.testcases3"/>
  <testcase name="MobilesignoutcarLoan" time="0.000" classname="testcase.testcases3"/>
  <testcase name="WebloginCarLoan" time="0.006" classname="testcase.testcases3"/>
  <testcase name="MobileLoginCarloan" time="0.000" classname="testcase.testcases3"/>
  <testcase name="MobilesignoutcarLoan" time="0.005" classname="testcase.testcases3"/>
  <testcase name="LoginforWeb" time="0.001" classname="testcase.testcases3"/>
  <testcase name="MobilesignoutcarLoan" time="0.000" classname="testcase.testcases3"/>
</testsuite> <!-- testcase.testcases3 -->
